01/16/2018 11:55:06 myLogs Test Suite S-T-A-R-T
01/16/2018 11:55:06 myLogs Test Suite started at: ==>>  Tuesday - 01/16/2018 & 11:55:06 AM
01/16/2018 11:55:06 myLogs 
01/16/2018 11:55:09 myLogs Chrome Browser started on WINDOWS
01/16/2018 11:55:12 myLogs Facebook opend
01/16/2018 11:55:13 myLogs ==========================================================================================================
01/16/2018 11:55:13 myLogs Test Method is: ==> FAIL_The_Test Just S-T-A-R-T-E-D
01/16/2018 11:55:13 myLogs ==========================================================================================================
01/16/2018 11:55:13 myLogs Could not type firstName. Could be locator issue. Please check log or report
01/16/2018 11:55:14 myLogs Test Case Failed and Screenshot was taken and named it as FAIL_The_Test2018-01-16 11-55-13.jpg
01/16/2018 11:55:14 myLogs Expected: facebook | Actual: Facebook - Log In or Sign Up = false
01/16/2018 11:55:14 myLogs ==========================================================================================================
01/16/2018 11:55:14 myLogs Test Method is: ==> FAIL_The_Test Just E-N-D-E-D
01/16/2018 11:55:14 myLogs ==========================================================================================================
01/16/2018 11:55:18 myLogs Chrome Browser started on WINDOWS
01/16/2018 11:55:21 myLogs Facebook opend
01/16/2018 11:55:22 myLogs ==========================================================================================================
01/16/2018 11:55:22 myLogs Test Method is: ==> PASS_The_Test Just S-T-A-R-T-E-D
01/16/2018 11:55:22 myLogs ==========================================================================================================
01/16/2018 11:55:24 myLogs ==========================================================================================================
01/16/2018 11:55:24 myLogs Test Method is: ==> PASS_The_Test Just E-N-D-E-D
01/16/2018 11:55:24 myLogs ==========================================================================================================
01/16/2018 11:55:28 myLogs Chrome Browser started on WINDOWS
01/16/2018 11:55:32 myLogs Facebook opend
01/16/2018 11:55:33 myLogs ==========================================================================================================
01/16/2018 11:55:33 myLogs Test Method is: ==> SKIP_This_Test Just S-T-A-R-T-E-D
01/16/2018 11:55:33 myLogs ==========================================================================================================
01/16/2018 11:55:33 myLogs Skipped this test since no longer needed!!
01/16/2018 11:55:33 myLogs ==========================================================================================================
01/16/2018 11:55:33 myLogs Test Method is: ==> SKIP_This_Test Just E-N-D-E-D
01/16/2018 11:55:33 myLogs ==========================================================================================================
01/16/2018 11:55:37 myLogs Chrome Browser started on WINDOWS
01/16/2018 11:55:41 myLogs Facebook opend
01/16/2018 11:55:42 myLogs ==========================================================================================================
01/16/2018 11:55:42 myLogs Test Method is: ==> This_title_Test Just S-T-A-R-T-E-D
01/16/2018 11:55:42 myLogs ==========================================================================================================
01/16/2018 11:55:42 myLogs Actual is: Facebook - Log In or Sign Up Expected is Facebook - Log In or Sign Up. They both Matched
01/16/2018 11:55:42 myLogs ==========================================================================================================
01/16/2018 11:55:42 myLogs Test Method is: ==> This_title_Test Just E-N-D-E-D
01/16/2018 11:55:42 myLogs ==========================================================================================================
01/16/2018 11:55:44 myLogs Test Suite Ended at: ==>>  Tuesday - 01/16/2018 & 11:55:44 AM
01/16/2018 11:55:44 myLogs Test Suite E-N-D
